<?xml version="1.0" encoding="UTF-8"?>
<testsuite name="cucumberPckg.TestRunner" time="5.08" tests="19" errors="0" skipped="0" failures="0">
  <properties>
[...]
</properties>
  <testcase name="Given I am on Facebook login page" classname="Scenario: Scenario1" time="0.003"/>
  <testcase name="When I enter username as &quot;TOM1&quot;" classname="Scenario: Scenario1" time="0"/>
  <testcase name="And I enter password as &quot;JERRY1&quot;" classname="Scenario: Scenario1" time="0"/>
  <testcase name="Then Login should fail" classname="Scenario: Scenario1" time="0"/>
  <testcase name="Scenario: Scenario1" classname="Scenario: Scenario1" time="0.251"/>
  <testcase name="Given I am on Facebook login page" classname="| TOM3 | JERRY3 |" time="0"/>
  <testcase name="When I enter username as &quot;TOM3&quot;" classname="| TOM3 | JERRY3 |" time="0"/>
  <testcase name="And I enter password as &quot;JERRY3&quot;" classname="| TOM3 | JERRY3 |" time="0"/>
  <testcase name="Then Login should fail" classname="| TOM3 | JERRY3 |" time="0"/>
  <testcase name="| TOM3 | JERRY3 |" classname="| TOM3 | JERRY3 |" time="0.173"/>
  <testcase name="Given I am on Facebook login page" classname="| TOM4 | JERRY4 |" time="0"/>
  <testcase name="When I enter username as &quot;TOM4&quot;" classname="| TOM4 | JERRY4 |" time="0"/>
  <testcase name="And I enter password as &quot;JERRY4&quot;" classname="| TOM4 | JERRY4 |" time="0"/>
  <testcase name="Then Login should fail" classname="| TOM4 | JERRY4 |" time="0"/>
  <testcase name="| TOM4 | JERRY4 |" classname="| TOM4 | JERRY4 |" time="2.321"/>
  <testcase name="Given I am on Facebook login page" classname="Scenario: Using Data Table" time="0"/>
  <testcase name="When I enter invalid data on the page" classname="Scenario: Using Data Table" time="0"/>
  <testcase name="Then the user registration should be unsuccessful" classname="Scenario: Using Data Table" time="0"/>
  <testcase name="Scenario: Using Data Table" classname="Scenario: Using Data Table" time="2.332"/>
</testsuite>